[INFO ] 2023-12-01 11:42:42.439 [main] UserTests - **********Creating User************
[INFO ] 2023-12-01 11:42:45.297 [main] UserTests - **********User is Created************
[INFO ] 2023-12-01 11:42:45.309 [main] UserTests - **********Reading  User Info************
[INFO ] 2023-12-01 11:42:46.592 [main] UserTests - **********User info is displayed************
[INFO ] 2023-12-01 11:42:46.599 [main] UserTests - **********Updating the User***********
[INFO ] 2023-12-01 11:42:49.091 [main] UserTests - **********User updated************
[INFO ] 2023-12-01 11:42:49.094 [main] UserTests - **********Deleting user************
[INFO ] 2023-12-01 11:42:50.341 [main] UserTests - **********User deleted************
[INFO ] 2023-12-01 15:29:40.244 [main] UserTests2 - **********Creating User************
[INFO ] 2023-12-01 15:29:43.012 [main] UserTests2 - **********User is Created************
[INFO ] 2023-12-01 15:29:43.026 [main] UserTests2 - **********Reading  User Info************
[INFO ] 2023-12-01 15:29:44.215 [main] UserTests2 - **********User info is displayed************
[INFO ] 2023-12-01 15:29:44.220 [main] UserTests2 - **********Updating the User***********
[INFO ] 2023-12-01 15:29:46.485 [main] UserTests2 - **********User updated************
[INFO ] 2023-12-01 15:29:46.490 [main] UserTests2 - **********Deleting user************
[INFO ] 2023-12-01 15:29:47.573 [main] UserTests2 - **********User deleted************
[INFO ] 2023-12-01 15:42:12.692 [main] UserTests2 - **********Creating User************
[INFO ] 2023-12-01 15:42:15.352 [main] UserTests2 - **********User is Created************
[INFO ] 2023-12-01 15:42:15.363 [main] UserTests2 - **********Reading  User Info************
[INFO ] 2023-12-01 15:42:16.524 [main] UserTests2 - **********User info is displayed************
[INFO ] 2023-12-01 15:42:16.526 [main] UserTests2 - **********Updating the User***********
[INFO ] 2023-12-01 15:42:18.694 [main] UserTests2 - **********User updated************
[INFO ] 2023-12-01 15:42:18.696 [main] UserTests2 - **********Deleting user************
[INFO ] 2023-12-01 15:42:19.795 [main] UserTests2 - **********User deleted************
[INFO ] 2023-12-01 16:15:33.174 [main] UserTests2 - **********Creating User************
[INFO ] 2023-12-01 16:15:36.004 [main] UserTests2 - **********User is Created************
[INFO ] 2023-12-01 16:15:36.016 [main] UserTests2 - **********Reading  User Info************
[INFO ] 2023-12-01 16:15:37.234 [main] UserTests2 - **********User info is displayed************
[INFO ] 2023-12-01 16:15:37.236 [main] UserTests2 - **********Updating the User***********
[INFO ] 2023-12-01 16:15:39.923 [main] UserTests2 - **********User updated************
[INFO ] 2023-12-01 16:15:39.926 [main] UserTests2 - **********Deleting user************
[INFO ] 2023-12-01 16:15:41.205 [main] UserTests2 - **********User deleted************
[INFO ] 2023-12-01 16:34:44.271 [main] UserTests2 - **********Creating User************
[INFO ] 2023-12-01 16:34:46.718 [main] UserTests2 - **********User is Created************
[INFO ] 2023-12-01 16:34:46.729 [main] UserTests2 - **********Reading  User Info************
[INFO ] 2023-12-01 16:34:47.971 [main] UserTests2 - **********User info is displayed************
[INFO ] 2023-12-01 16:34:47.973 [main] UserTests2 - **********Updating the User***********
[INFO ] 2023-12-01 16:34:50.300 [main] UserTests2 - **********User updated************
[INFO ] 2023-12-01 16:34:50.302 [main] UserTests2 - **********Deleting user************
[INFO ] 2023-12-01 16:34:51.609 [main] UserTests2 - **********User deleted************
[INFO ] 2023-12-01 16:42:25.919 [main] UserTests2 - **********Creating User************
[INFO ] 2023-12-01 16:42:28.595 [main] UserTests2 - **********User is Created************
[INFO ] 2023-12-01 16:42:28.605 [main] UserTests2 - **********Reading  User Info************
[INFO ] 2023-12-01 16:42:29.902 [main] UserTests2 - **********User info is displayed************
[INFO ] 2023-12-01 16:42:29.905 [main] UserTests2 - **********Updating the User***********
[INFO ] 2023-12-01 16:42:33.548 [main] UserTests2 - **********User updated************
[INFO ] 2023-12-01 16:42:33.552 [main] UserTests2 - **********Deleting user************
[INFO ] 2023-12-01 16:42:34.864 [main] UserTests2 - **********User deleted************
